Arguments: 
  /Users/nurudeen/.nvm/versions/node/v14.15.0/bin/node /Users/nurudeen/.yarn/bin/yarn.js add express spotify-web-api-node

PATH: 
  /Users/nurudeen/Library/Android/sdk/platform-tools:/Users/nurudeen/.yarn/bin:/Users/nurudeen/.config/yarn/global/node_modules/.bin:/Users/nurudeen/.nvm/versions/node/v14.15.0/bin:/usr/local/bin:/usr/bin:/bin:/usr/sbin:/sbin:/Library/Apple/usr/bin:/Applications/Postgres.app/Contents/Versions/latest/bin:/Users/nurudeen/Library/Android/sdk/platform-tools:/Users/nurudeen/.yarn/bin:/Users/nurudeen/.config/yarn/global/node_modules/.bin:/Users/nurudeen/.nvm/versions/node/v14.15.0/bin

Yarn version: 
  1.22.4

Node version: 
  14.15.0

Platform: 
  darwin x64

Trace: 
  Error: https://registry.yarnpkg.com/express: ETIMEDOUT
      at Timeout._onTimeout (/Users/nurudeen/.yarn/lib/cli.js:141408:19)
      at listOnTimeout (internal/timers.js:554:17)
      at processTimers (internal/timers.js:497:7)

npm manifest: 
  {
    "name": "server",
    "version": "1.0.0",
    "main": "index.js",
    "license": "MIT"
  }

yarn manifest: 
  No manifest

Lockfile: 
  No lockfile
